# JRE version: OpenJDK Runtime Environment Temurin-17.0.7+7 (17.0.7+7) (build 17.0.7+7)
# Java VM: OpenJDK 64-Bit Server VM Temurin-17.0.7+7 (17.0.7+7, mixed mode, tiered, compressed oops, compressed class ptrs, parallel gc, linux-amd64)
GC Precious Log:
 CPUs: 12 total, 12 available
 Memory: 15445M
 Large Page Support: Disabled
 NUMA Support: Disabled
 Compressed Oops: Enabled (32-bit)
 Alignments: Space 512K, Generation 512K, Heap 2M
 Heap Min Capacity: 100M
 Heap Initial Capacity: 100M
 Heap Max Capacity: 2G
 Pre-touch: Disabled
 Parallel Workers: 10
Heap:
 PSYoungGen      total 18432K, used 16610K [0x00000000d5580000, 0x00000000d6c80000, 0x0000000100000000)
  eden space 17920K, 89% used [0x00000000d5580000,0x00000000d653ca88,0x00000000d6700000)
  from space 512K, 96% used [0x00000000d6c00000,0x00000000d6c7c050,0x00000000d6c80000)
  to   space 1536K, 0% used [0x00000000d6980000,0x00000000d6980000,0x00000000d6b00000)
 ParOldGen       total 68608K, used 34304K [0x0000000080000000, 0x0000000084300000, 0x00000000d5580000)
  object space 68608K, 50% used [0x0000000080000000,0x0000000082180200,0x0000000084300000)
 Metaspace       used 65124K, committed 65984K, reserved 1114112K
  class space    used 7989K, committed 8384K, reserved 1048576K
GC Heap History (20 events):
Event: 8.754 GC heap before
{Heap before GC invocations=24 (full 2):
 PSYoungGen      total 20480K, used 18627K [0x00000000d5580000, 0x00000000d6d80000, 0x0000000100000000)
  eden space 17920K, 100% used [0x00000000d5580000,0x00000000d6700000,0x00000000d6700000)
  from space 2560K, 27% used [0x00000000d6900000,0x00000000d69b0dd0,0x00000000d6b80000)
  to   space 1024K, 0% used [0x00000000d6c80000,0x00000000d6c80000,0x00000000d6d80000)
 ParOldGen       total 68608K, used 33354K [0x0000000080000000, 0x0000000084300000, 0x00000000d5580000)
  object space 68608K, 48% used [0x0000000080000000,0x00000000820929b0,0x0000000084300000)
 Metaspace       used 56585K, committed 57408K, reserved 1114112K
  class space    used 6726K, committed 7104K, reserved 1048576K
}
Event: 8.755 GC heap after
{Heap after GC invocations=24 (full 2):
 PSYoungGen      total 18944K, used 978K [0x00000000d5580000, 0x00000000d6d80000, 0x0000000100000000)
  eden space 17920K, 0% used [0x00000000d5580000,0x00000000d5580000,0x00000000d6700000)
  from space 1024K, 95% used [0x00000000d6c80000,0x00000000d6d74818,0x00000000d6d80000)
  to   space 1536K, 0% used [0x00000000d6a80000,0x00000000d6a80000,0x00000000d6c00000)
 ParOldGen       total 68608K, used 33822K [0x0000000080000000, 0x0000000084300000, 0x00000000d5580000)
  object space 68608K, 49% used [0x0000000080000000,0x0000000082107838,0x0000000084300000)
 Metaspace       used 56585K, committed 57408K, reserved 1114112K
  class space    used 6726K, committed 7104K, reserved 1048576K
}
Event: 8.874 GC heap before
{Heap before GC invocations=25 (full 2):
 PSYoungGen      total 18944K, used 18898K [0x00000000d5580000, 0x00000000d6d80000, 0x0000000100000000)
  eden space 17920K, 100% used [0x00000000d5580000,0x00000000d6700000,0x00000000d6700000)
  from space 1024K, 95% used [0x00000000d6c80000,0x00000000d6d74818,0x00000000d6d80000)
  to   space 1536K, 0% used [0x00000000d6a80000,0x00000000d6a80000,0x00000000d6c00000)
 ParOldGen       total 68608K, used 33822K [0x0000000080000000, 0x0000000084300000, 0x00000000d5580000)
  object space 68608K, 49% used [0x0000000080000000,0x0000000082107838,0x0000000084300000)
 Metaspace       used 57879K, committed 58688K, reserved 1114112K
  class space    used 7011K, committed 7360K, reserved 1048576K
}
Event: 8.875 GC heap after
{Heap after GC invocations=25 (full 2):
 PSYoungGen      total 19456K, used 288K [0x00000000d5580000, 0x00000000d6d00000, 0x0000000100000000)
  eden space 17920K, 0% used [0x00000000d5580000,0x00000000d5580000,0x00000000d6700000)
  from space 1536K, 18% used [0x00000000d6a80000,0x00000000d6ac8000,0x00000000d6c00000)
  to   space 1024K, 0% used [0x00000000d6c00000,0x00000000d6c00000,0x00000000d6d00000)
 ParOldGen       total 68608K, used 34392K [0x0000000080000000, 0x0000000084300000, 0x00000000d5580000)
  object space 68608K, 50% used [0x0000000080000000,0x0000000082196018,0x0000000084300000)
 Metaspace       used 57879K, committed 58688K, reserved 1114112K
  class space    used 7011K, committed 7360K, reserved 1048576K
}
Event: 8.981 GC heap before
{Heap before GC invocations=26 (full 2):
 PSYoungGen      total 19456K, used 18208K [0x00000000d5580000, 0x00000000d6d00000, 0x0000000100000000)
  eden space 17920K, 100% used [0x00000000d5580000,0x00000000d6700000,0x00000000d6700000)
  from space 1536K, 18% used [0x00000000d6a80000,0x00000000d6ac8000,0x00000000d6c00000)
  to   space 1024K, 0% used [0x00000000d6c00000,0x00000000d6c00000,0x00000000d6d00000)
 ParOldGen       total 68608K, used 34392K [0x0000000080000000, 0x0000000084300000, 0x00000000d5580000)
  object space 68608K, 50% used [0x0000000080000000,0x0000000082196018,0x0000000084300000)
 Metaspace       used 58726K, committed 59584K, reserved 1114112K
  class space    used 7233K, committed 7616K, reserved 1048576K
}
Event: 8.982 GC heap after
{Heap after GC invocations=26 (full 2):
 PSYoungGen      total 18432K, used 475K [0x00000000d5580000, 0x00000000d6c80000, 0x0000000100000000)
  eden space 17920K, 0% used [0x00000000d5580000,0x00000000d5580000,0x00000000d6700000)
  from space 512K, 92% used [0x00000000d6c00000,0x00000000d6c76fc0,0x00000000d6c80000)
  to   space 1024K, 0% used [0x00000000d6a80000,0x00000000d6a80000,0x00000000d6b80000)
 ParOldGen       total 68608K, used 34536K [0x0000000080000000, 0x0000000084300000, 0x00000000d5580000)
  object space 68608K, 50% used [0x0000000080000000,0x00000000821ba018,0x0000000084300000)
 Metaspace       used 58726K, committed 59584K, reserved 1114112K
  class space    used 7233K, committed 7616K, reserved 1048576K
}
Event: 9.060 GC heap before
{Heap before GC invocations=27 (full 2):
 PSYoungGen      total 18432K, used 7015K [0x00000000d5580000, 0x00000000d6c80000, 0x0000000100000000)
  eden space 17920K, 36% used [0x00000000d5580000,0x00000000d5be2ef0,0x00000000d6700000)
  from space 512K, 92% used [0x00000000d6c00000,0x00000000d6c76fc0,0x00000000d6c80000)
  to   space 1024K, 0% used [0x00000000d6a80000,0x00000000d6a80000,0x00000000d6b80000)
 ParOldGen       total 68608K, used 34536K [0x0000000080000000, 0x0000000084300000, 0x00000000d5580000)
  object space 68608K, 50% used [0x0000000080000000,0x00000000821ba018,0x0000000084300000)
 Metaspace       used 58932K, committed 59776K, reserved 1114112K
  class space    used 7276K, committed 7680K, reserved 1048576K
}
Event: 9.061 GC heap after
{Heap after GC invocations=27 (full 2):
 PSYoungGen      total 18944K, used 352K [0x00000000d5580000, 0x00000000d6c80000, 0x0000000100000000)
  eden space 17920K, 0% used [0x00000000d5580000,0x00000000d5580000,0x00000000d6700000)
  from space 1024K, 34% used [0x00000000d6a80000,0x00000000d6ad8000,0x00000000d6b80000)
  to   space 512K, 0% used [0x00000000d6c00000,0x00000000d6c00000,0x00000000d6c80000)
 ParOldGen       total 68608K, used 34719K [0x0000000080000000, 0x0000000084300000, 0x00000000d5580000)
  object space 68608K, 50% used [0x0000000080000000,0x00000000821e7d28,0x0000000084300000)
 Metaspace       used 58932K, committed 59776K, reserved 1114112K
  class space    used 7276K, committed 7680K, reserved 1048576K
}
Event: 9.061 GC heap before
{Heap before GC invocations=28 (full 3):
 PSYoungGen      total 18944K, used 352K [0x00000000d5580000, 0x00000000d6c80000, 0x0000000100000000)
  eden space 17920K, 0% used [0x00000000d5580000,0x00000000d5580000,0x00000000d6700000)
  from space 1024K, 34% used [0x00000000d6a80000,0x00000000d6ad8000,0x00000000d6b80000)
  to   space 512K, 0% used [0x00000000d6c00000,0x00000000d6c00000,0x00000000d6c80000)
 ParOldGen       total 68608K, used 34719K [0x0000000080000000, 0x0000000084300000, 0x00000000d5580000)
  object space 68608K, 50% used [0x0000000080000000,0x00000000821e7d28,0x0000000084300000)
 Metaspace       used 58932K, committed 59776K, reserved 1114112K
  class space    used 7276K, committed 7680K, reserved 1048576K
}
Event: 9.103 GC heap after
{Heap after GC invocations=28 (full 3):
 PSYoungGen      total 18944K, used 0K [0x00000000d5580000, 0x00000000d6c80000, 0x0000000100000000)
  eden space 17920K, 0% used [0x00000000d5580000,0x00000000d5580000,0x00000000d6700000)
  from space 1024K, 0% used [0x00000000d6a80000,0x00000000d6a80000,0x00000000d6b80000)
  to   space 512K, 0% used [0x00000000d6c00000,0x00000000d6c00000,0x00000000d6c80000)
 ParOldGen       total 68608K, used 33076K [0x0000000080000000, 0x0000000084300000, 0x00000000d5580000)
  object space 68608K, 48% used [0x0000000080000000,0x000000008204d200,0x0000000084300000)
 Metaspace       used 58932K, committed 59776K, reserved 1114112K
  class space    used 7276K, committed 7680K, reserved 1048576K
}
Event: 70.900 GC heap before
{Heap before GC invocations=29 (full 3):
 PSYoungGen      total 18944K, used 17920K [0x00000000d5580000, 0x00000000d6c80000, 0x0000000100000000)
  eden space 17920K, 100% used [0x00000000d5580000,0x00000000d6700000,0x00000000d6700000)
  from space 1024K, 0% used [0x00000000d6a80000,0x00000000d6a80000,0x00000000d6b80000)
  to   space 512K, 0% used [0x00000000d6c00000,0x00000000d6c00000,0x00000000d6c80000)
 ParOldGen       total 68608K, used 33076K [0x0000000080000000, 0x0000000084300000, 0x00000000d5580000)
  object space 68608K, 48% used [0x0000000080000000,0x000000008204d200,0x0000000084300000)
 Metaspace       used 60476K, committed 61376K, reserved 1114112K
  class space    used 7493K, committed 7872K, reserved 1048576K
}
Event: 70.901 GC heap after
{Heap after GC invocations=29 (full 3):
 PSYoungGen      total 18432K, used 512K [0x00000000d5580000, 0x00000000d6c80000, 0x0000000100000000)
  eden space 17920K, 0% used [0x00000000d5580000,0x00000000d5580000,0x00000000d6700000)
  from space 512K, 100% used [0x00000000d6c00000,0x00000000d6c80000,0x00000000d6c80000)
  to   space 1024K, 0% used [0x00000000d6a80000,0x00000000d6a80000,0x00000000d6b80000)
 ParOldGen       total 68608K, used 33108K [0x0000000080000000, 0x0000000084300000, 0x00000000d5580000)
  object space 68608K, 48% used [0x0000000080000000,0x0000000082055210,0x0000000084300000)
 Metaspace       used 60476K, committed 61376K, reserved 1114112K
  class space    used 7493K, committed 7872K, reserved 1048576K
}
Event: 132.254 GC heap before
{Heap before GC invocations=30 (full 3):
 PSYoungGen      total 18432K, used 18432K [0x00000000d5580000, 0x00000000d6c80000, 0x0000000100000000)
  eden space 17920K, 100% used [0x00000000d5580000,0x00000000d6700000,0x00000000d6700000)
  from space 512K, 100% used [0x00000000d6c00000,0x00000000d6c80000,0x00000000d6c80000)
  to   space 1024K, 0% used [0x00000000d6a80000,0x00000000d6a80000,0x00000000d6b80000)
 ParOldGen       total 68608K, used 33108K [0x0000000080000000, 0x0000000084300000, 0x00000000d5580000)
  object space 68608K, 48% used [0x0000000080000000,0x0000000082055210,0x0000000084300000)
 Metaspace       used 60761K, committed 61632K, reserved 1114112K
  class space    used 7519K, committed 7872K, reserved 1048576K
}
Event: 132.255 GC heap after
{Heap after GC invocations=30 (full 3):
 PSYoungGen      total 18944K, used 352K [0x00000000d5580000, 0x00000000d6c80000, 0x0000000100000000)
  eden space 17920K, 0% used [0x00000000d5580000,0x00000000d5580000,0x00000000d6700000)
  from space 1024K, 34% used [0x00000000d6a80000,0x00000000d6ad8000,0x00000000d6b80000)
  to   space 512K, 0% used [0x00000000d6c00000,0x00000000d6c00000,0x00000000d6c80000)
 ParOldGen       total 68608K, used 33452K [0x0000000080000000, 0x0000000084300000, 0x00000000d5580000)
  object space 68608K, 48% used [0x0000000080000000,0x00000000820ab230,0x0000000084300000)
 Metaspace       used 60761K, committed 61632K, reserved 1114112K
  class space    used 7519K, committed 7872K, reserved 1048576K
}
Event: 132.721 GC heap before
{Heap before GC invocations=31 (full 3):
 PSYoungGen      total 18944K, used 18272K [0x00000000d5580000, 0x00000000d6c80000, 0x0000000100000000)
  eden space 17920K, 100% used [0x00000000d5580000,0x00000000d6700000,0x00000000d6700000)
  from space 1024K, 34% used [0x00000000d6a80000,0x00000000d6ad8000,0x00000000d6b80000)
  to   space 512K, 0% used [0x00000000d6c00000,0x00000000d6c00000,0x00000000d6c80000)
 ParOldGen       total 68608K, used 33452K [0x0000000080000000, 0x0000000084300000, 0x00000000d5580000)
  object space 68608K, 48% used [0x0000000080000000,0x00000000820ab230,0x0000000084300000)
 Metaspace       used 60763K, committed 61632K, reserved 1114112K
  class space    used 7520K, committed 7872K, reserved 1048576K
}
Event: 132.722 GC heap after
{Heap after GC invocations=31 (full 3):
 PSYoungGen      total 18432K, used 320K [0x00000000d5580000, 0x00000000d6c80000, 0x0000000100000000)
  eden space 17920K, 0% used [0x00000000d5580000,0x00000000d5580000,0x00000000d6700000)
  from space 512K, 62% used [0x00000000d6c00000,0x00000000d6c50000,0x00000000d6c80000)
  to   space 512K, 0% used [0x00000000d6b80000,0x00000000d6b80000,0x00000000d6c00000)
 ParOldGen       total 68608K, used 33673K [0x0000000080000000, 0x0000000084300000, 0x00000000d5580000)
  object space 68608K, 49% used [0x0000000080000000,0x00000000820e2578,0x0000000084300000)
 Metaspace       used 60763K, committed 61632K, reserved 1114112K
  class space    used 7520K, committed 7872K, reserved 1048576K
}
Event: 195.322 GC heap before
{Heap before GC invocations=32 (full 3):
 PSYoungGen      total 18432K, used 18240K [0x00000000d5580000, 0x00000000d6c80000, 0x0000000100000000)
  eden space 17920K, 100% used [0x00000000d5580000,0x00000000d6700000,0x00000000d6700000)
  from space 512K, 62% used [0x00000000d6c00000,0x00000000d6c50000,0x00000000d6c80000)
  to   space 512K, 0% used [0x00000000d6b80000,0x00000000d6b80000,0x00000000d6c00000)
 ParOldGen       total 68608K, used 33673K [0x0000000080000000, 0x0000000084300000, 0x00000000d5580000)
  object space 68608K, 49% used [0x0000000080000000,0x00000000820e2578,0x0000000084300000)
 Metaspace       used 61991K, committed 62912K, reserved 1114112K
  class space    used 7666K, committed 8064K, reserved 1048576K
}
Event: 195.323 GC heap after
{Heap after GC invocations=32 (full 3):
 PSYoungGen      total 18432K, used 503K [0x00000000d5580000, 0x00000000d6c80000, 0x0000000100000000)
  eden space 17920K, 0% used [0x00000000d5580000,0x00000000d5580000,0x00000000d6700000)
  from space 512K, 98% used [0x00000000d6b80000,0x00000000d6bfdf50,0x00000000d6c00000)
  to   space 512K, 0% used [0x00000000d6c00000,0x00000000d6c00000,0x00000000d6c80000)
 ParOldGen       total 68608K, used 33737K [0x0000000080000000, 0x0000000084300000, 0x00000000d5580000)
  object space 68608K, 49% used [0x0000000080000000,0x00000000820f2578,0x0000000084300000)
 Metaspace       used 61991K, committed 62912K, reserved 1114112K
  class space    used 7666K, committed 8064K, reserved 1048576K
}
Event: 195.411 GC heap before
{Heap before GC invocations=33 (full 3):
 PSYoungGen      total 18432K, used 18423K [0x00000000d5580000, 0x00000000d6c80000, 0x0000000100000000)
  eden space 17920K, 100% used [0x00000000d5580000,0x00000000d6700000,0x00000000d6700000)
  from space 512K, 98% used [0x00000000d6b80000,0x00000000d6bfdf50,0x00000000d6c00000)
  to   space 512K, 0% used [0x00000000d6c00000,0x00000000d6c00000,0x00000000d6c80000)
 ParOldGen       total 68608K, used 33737K [0x0000000080000000, 0x0000000084300000, 0x00000000d5580000)
  object space 68608K, 49% used [0x0000000080000000,0x00000000820f2578,0x0000000084300000)
 Metaspace       used 64202K, committed 65216K, reserved 1114112K
  class space    used 7884K, committed 8320K, reserved 1048576K
}
Event: 195.412 GC heap after
{Heap after GC invocations=33 (full 3):
 PSYoungGen      total 18432K, used 496K [0x00000000d5580000, 0x00000000d6c80000, 0x0000000100000000)
  eden space 17920K, 0% used [0x00000000d5580000,0x00000000d5580000,0x00000000d6700000)
  from space 512K, 96% used [0x00000000d6c00000,0x00000000d6c7c050,0x00000000d6c80000)
  to   space 1536K, 0% used [0x00000000d6980000,0x00000000d6980000,0x00000000d6b00000)
 ParOldGen       total 68608K, used 34304K [0x0000000080000000, 0x0000000084300000, 0x00000000d5580000)
  object space 68608K, 50% used [0x0000000080000000,0x0000000082180200,0x0000000084300000)
 Metaspace       used 64202K, committed 65216K, reserved 1114112K
  class space    used 7884K, committed 8320K, reserved 1048576K
}

